Using pre-set license
Built from '2021.1/staging' branch; Version is '2021.1.28f1 (f3f9dc10f3dd) revision 15989212'; Using compiler version '192528614'; Build Type 'Release'
OS: 'Windows 10 Home Single Language; OS build 22631.3593; Version 2009; 64bit' Language: 'th' Physical Memory: 16075 MB
BatchMode: 1, IsHumanControllingUs: 0, StartBugReporterOnCrash: 0, Is64bit: 1, IsPro: 0

COMMAND LINE ARGUMENTS:
C:\Program Files\Unity\Hub\Editor\2021.1.28f1\Editor\Unity.exe
-adb2
-batchMode
-noUpm
-name
AssetImportWorker1
-projectPath
C:/Users/แมวม่าว/Documents/My Games/โฟลเดอร์ใหม่/ToolBlast/My project
-logFile
Logs/AssetImportWorker1.log
-srvPort
51842
Successfully changed project path to: C:/Users/แมวม่าว/Documents/My Games/โฟลเดอร์ใหม่/ToolBlast/My project
C:/Users/แมวม่าว/Documents/My Games/โฟลเดอร์ใหม่/ToolBlast/My project
Using Asset Import Pipeline V2.
Refreshing native plugins compatible for Editor in 93.42 ms, found 4 plugins.
Preloading 0 native plugins for Editor in 0.00 ms.
Initialize engine version: 2021.1.28f1 (f3f9dc10f3dd)
[Subsystems] Discovering subsystems at path C:/Program Files/Unity/Hub/Editor/2021.1.28f1/Editor/Data/Resources/UnitySubsystems
[Subsystems] Discovering subsystems at path C:/Users/แมวม่าว/Documents/My Games/โฟลเดอร์ใหม่/ToolBlast/My project/Assets
GfxDevice: creating device client; threaded=0; jobified=0
Direct3D:
    Version:  Direct3D 11.0 [level 11.1]
    Renderer: NVIDIA GeForce RTX 3050 Ti Laptop GPU (ID=0x25a0)
    Vendor:   NVIDIA
    VRAM:     3976 MB
    Driver:   31.0.15.3758
Initialize mono
Mono path[0] = 'C:/Program Files/Unity/Hub/Editor/2021.1.28f1/Editor/Data/Managed'
Mono path[1] = 'C:/Program Files/Unity/Hub/Editor/2021.1.28f1/Editor/Data/MonoBleedingEdge/lib/mono/unityjit'
Mono config path = 'C:/Program Files/Unity/Hub/Editor/2021.1.28f1/Editor/Data/MonoBleedingEdge/etc'
Using monoOptions --debugger-agent=transport=dt_socket,embedding=1,server=y,suspend=n,address=127.0.0.1:56104
Begin MonoManager ReloadAssembly
Registering precompiled unity dll's ...
Register platform support module: C:/Program Files/Unity/Hub/Editor/2021.1.28f1/Editor/Data/PlaybackEngines/WindowsStandaloneSupport/UnityEditor.WindowsStandalone.Extensions.dll
Registered in 0.001069 seconds.
Native extension for WindowsStandalone target not found
Refreshing native plugins compatible for Editor in 110.52 ms, found 4 plugins.
Preloading 0 native plugins for Editor in 0.00 ms.
Mono: successfully reloaded assembly
- Completed reload, in  1.079 seconds
Domain Reload Profiling:
	ReloadAssembly (1079ms)
		BeginReloadAssembly (53ms)
			ExecutionOrderSort (0ms)
			DisableScriptedObjects (0ms)
			BackupInstance (0ms)
			ReleaseScriptingObjects (0ms)
			CreateAndSetChildDomain (1ms)
		EndReloadAssembly (440ms)
			LoadAssemblies (51ms)
			RebuildTransferFunctionScriptingTraits (0ms)
			SetupTypeCache (134ms)
			ReleaseScriptCaches (0ms)
			RebuildScriptCaches (26ms)
			SetupLoadedEditorAssemblies (241ms)
				LogAssemblyErrors (0ms)
				InitializePlatformSupportModulesInManaged (5ms)
				SetLoadedEditorAssemblies (0ms)
				RefreshPlugins (111ms)
				BeforeProcessingInitializeOnLoad (1ms)
				ProcessInitializeOnLoadAttributes (101ms)
				ProcessInitializeOnLoadMethodAttributes (23ms)
				AfterProcessingInitializeOnLoad (0ms)
				EditorAssembliesLoaded (0ms)
			ExecutionOrderSort2 (0ms)
			AwakeInstancesAfterBackupRestoration (0ms)
Platform modules already initialized, skipping
Registering precompiled user dll's ...
Registered in 0.004636 seconds.
Begin MonoManager ReloadAssembly
Symbol file LoadedFromMemory doesn't match image C:\Users\แมวม่าว\Documents\My Games\โฟลเดอร์ใหม่\ToolBlast\My project\Library\PackageCache\com.unity.visualscripting@1.6.1\Editor\VisualScripting.Core\Dependencies\YamlDotNet\Unity.VisualScripting.YamlDotNet.dll
Symbol file LoadedFromMemory doesn't match image C:\Users\แมวม่าว\Documents\My Games\โฟลเดอร์ใหม่\ToolBlast\My project\Library\PackageCache\com.unity.visualscripting@1.6.1\Editor\VisualScripting.Core\Dependencies\DotNetZip\Unity.VisualScripting.IonicZip.dll
Native extension for WindowsStandalone target not found
Refreshing native plugins compatible for Editor in 98.73 ms, found 4 plugins.
Preloading 0 native plugins for Editor in 0.00 ms.
Mono: successfully reloaded assembly
- Completed reload, in  1.088 seconds
Domain Reload Profiling:
	ReloadAssembly (1089ms)
		BeginReloadAssembly (128ms)
			ExecutionOrderSort (0ms)
			DisableScriptedObjects (3ms)
			BackupInstance (0ms)
			ReleaseScriptingObjects (0ms)
			CreateAndSetChildDomain (19ms)
		EndReloadAssembly (910ms)
			LoadAssemblies (85ms)
			RebuildTransferFunctionScriptingTraits (0ms)
			SetupTypeCache (294ms)
			ReleaseScriptCaches (1ms)
			RebuildScriptCaches (47ms)
			SetupLoadedEditorAssemblies (409ms)
				LogAssemblyErrors (0ms)
				InitializePlatformSupportModulesInManaged (3ms)
				SetLoadedEditorAssemblies (0ms)
				RefreshPlugins (99ms)
				BeforeProcessingInitializeOnLoad (74ms)
				ProcessInitializeOnLoadAttributes (211ms)
				ProcessInitializeOnLoadMethodAttributes (18ms)
				AfterProcessingInitializeOnLoad (4ms)
				EditorAssembliesLoaded (0ms)
			ExecutionOrderSort2 (0ms)
			AwakeInstancesAfterBackupRestoration (6ms)
Platform modules already initialized, skipping
========================================================================
Worker process is ready to serve import requests
Launched and connected shader compiler UnityShaderCompiler.exe after 0.08 seconds
Refreshing native plugins compatible for Editor in 0.75 ms, found 4 plugins.
Preloading 0 native plugins for Editor in 0.00 ms.
Unloading 3791 Unused Serialized files (Serialized files now loaded: 0)
System memory in use before: 143.0 MB.
System memory in use after: 143.2 MB.

Unloading 33 unused Assets to reduce memory usage. Loaded Objects now: 4239.
Total: 4.357500 ms (FindLiveObjects: 0.428800 ms CreateObjectMapping: 0.238800 ms MarkObjects: 3.609000 ms  DeleteObjects: 0.079000 ms)

AssetImportParameters requested are different than current active one (requested -> active):
  custom:framework-win-MediaFoundation: 216162199b28c13a410421893ffa2e32 -> 
  custom:video-decoder-ogg-theora: a1e56fd34408186e4bbccfd4996cb3dc -> 
  custom:container-muxer-webm: aa71ff27fc2769a1b78a27578f13a17b -> 
  custom:container-demuxer-webm: 4f35f7cbe854078d1ac9338744f61a02 -> 
  custom:container-demuxer-ogg: 62fdf1f143b41e24485cea50d1cbac27 -> 
  custom:video-encoder-webm-vp8: eb34c28f22e8b96e1ab97ce403110664 -> 
  custom:video-codec-MediaFoundation-h265: 746d11721c4dcdbdad8f713fa42b33f4 -> 
  custom:video-decoder-webm-vp8: 9c59270c3fd7afecdb556c50c9e8de78 -> 
  custom:audio-decoder-ogg-vorbis: bf7c407c2cedff20999df2af8eb42d56 -> 
  custom:audio-encoder-webm-vorbis: bf7c407c2cedff20999df2af8eb42d56 -> 
========================================================================
Received Import Request.
  path: Assets/Scenes/Gameplay8X8.unity
  artifactKey: Guid(b008a4865b2a5d1469953ef2566b19da) Importer(815301076,1909f56bfc062723c751e8b465ee728b)
Start importing Assets/Scenes/Gameplay8X8.unity using Guid(b008a4865b2a5d1469953ef2566b19da) Importer(815301076,1909f56bfc062723c751e8b465ee728b)  -> (artifact id: '691742c0514283ab3e1f84b7e5b7aa4e') in 0.017569 seconds 
========================================================================
Received Import Request.
  Time since last request: 0.000459 seconds.
  path: Assets/Scenes
  artifactKey: Guid(9196d28ce7a1c1e4b8d428ea5e34b856) Importer(815301076,1909f56bfc062723c751e8b465ee728b)
Start importing Assets/Scenes using Guid(9196d28ce7a1c1e4b8d428ea5e34b856) Importer(815301076,1909f56bfc062723c751e8b465ee728b)  -> (artifact id: '204101ffe54cb745ef06508b90d2639c') in 0.006848 seconds 
========================================================================
Received Import Request.
  Time since last request: 29.313736 seconds.
  path: Assets/Prefab/Bome.prefab
  artifactKey: Guid(50cc0ecf965bf6a448275ad0919e66d7) Importer(815301076,1909f56bfc062723c751e8b465ee728b)
Start importing Assets/Prefab/Bome.prefab using Guid(50cc0ecf965bf6a448275ad0919e66d7) Importer(815301076,1909f56bfc062723c751e8b465ee728b)  -> (artifact id: '51b319cb2182b8dd79a349e6d7c4cc19') in 0.051837 seconds 
========================================================================
Received Import Request.
  Time since last request: 0.299393 seconds.
  path: Assets/Prefab/BGpiece.prefab
  artifactKey: Guid(d44efc44db1ad9b42b9daea7a62bac57) Importer(815301076,1909f56bfc062723c751e8b465ee728b)
Start importing Assets/Prefab/BGpiece.prefab using Guid(d44efc44db1ad9b42b9daea7a62bac57) Importer(815301076,1909f56bfc062723c751e8b465ee728b)  -> (artifact id: '5704a60b3fd25fd16c7ebad3950eadf6') in 0.063357 seconds 
========================================================================
Received Import Request.
  Time since last request: 39.340919 seconds.
  path: Assets/download/Kyrises_16x16_RPG_Icon_Pack_V1 1.3/Kyrise's 16x16 RPG Icon Pack - V1.3/spritesheet/spritesheet_16x16.png
  artifactKey: Guid(68988449f4a042f4e998242141f1cceb) Importer(815301076,1909f56bfc062723c751e8b465ee728b)
Start importing Assets/download/Kyrises_16x16_RPG_Icon_Pack_V1 1.3/Kyrise's 16x16 RPG Icon Pack - V1.3/spritesheet/spritesheet_16x16.png using Guid(68988449f4a042f4e998242141f1cceb) Importer(815301076,1909f56bfc062723c751e8b465ee728b)  -> (artifact id: 'b866836434e951da1939a8666be90bf2') in 0.107819 seconds 
========================================================================
Received Prepare
Registering precompiled user dll's ...
Registered in 0.004918 seconds.
Begin MonoManager ReloadAssembly
Symbol file LoadedFromMemory doesn't match image C:\Users\แมวม่าว\Documents\My Games\โฟลเดอร์ใหม่\ToolBlast\My project\Library\PackageCache\com.unity.visualscripting@1.6.1\Editor\VisualScripting.Core\Dependencies\YamlDotNet\Unity.VisualScripting.YamlDotNet.dll
Symbol file LoadedFromMemory doesn't match image C:\Users\แมวม่าว\Documents\My Games\โฟลเดอร์ใหม่\ToolBlast\My project\Library\PackageCache\com.unity.visualscripting@1.6.1\Editor\VisualScripting.Core\Dependencies\DotNetZip\Unity.VisualScripting.IonicZip.dll
Native extension for WindowsStandalone target not found
Refreshing native plugins compatible for Editor in 0.75 ms, found 4 plugins.
Preloading 0 native plugins for Editor in 0.00 ms.
Mono: successfully reloaded assembly
- Completed reload, in  0.913 seconds
Domain Reload Profiling:
	ReloadAssembly (914ms)
		BeginReloadAssembly (131ms)
			ExecutionOrderSort (0ms)
			DisableScriptedObjects (6ms)
			BackupInstance (0ms)
			ReleaseScriptingObjects (0ms)
			CreateAndSetChildDomain (39ms)
		EndReloadAssembly (730ms)
			LoadAssemblies (87ms)
			RebuildTransferFunctionScriptingTraits (0ms)
			SetupTypeCache (283ms)
			ReleaseScriptCaches (2ms)
			RebuildScriptCaches (42ms)
			SetupLoadedEditorAssemblies (246ms)
				LogAssemblyErrors (0ms)
				InitializePlatformSupportModulesInManaged (4ms)
				SetLoadedEditorAssemblies (0ms)
				RefreshPlugins (1ms)
				BeforeProcessingInitializeOnLoad (53ms)
				ProcessInitializeOnLoadAttributes (174ms)
				ProcessInitializeOnLoadMethodAttributes (10ms)
				AfterProcessingInitializeOnLoad (4ms)
				EditorAssembliesLoaded (0ms)
			ExecutionOrderSort2 (0ms)
			AwakeInstancesAfterBackupRestoration (11ms)
Platform modules already initialized, skipping
Refreshing native plugins compatible for Editor in 1.61 ms, found 4 plugins.
Preloading 0 native plugins for Editor in 0.00 ms.
Unloading 3769 Unused Serialized files (Serialized files now loaded: 0)
System memory in use before: 146.0 MB.
System memory in use after: 146.2 MB.

Unloading 21 unused Assets to reduce memory usage. Loaded Objects now: 4272.
Total: 4.487500 ms (FindLiveObjects: 0.431100 ms CreateObjectMapping: 0.222900 ms MarkObjects: 3.792500 ms  DeleteObjects: 0.039200 ms)

AssetImportParameters requested are different than current active one (requested -> active):
  custom:framework-win-MediaFoundation: 216162199b28c13a410421893ffa2e32 -> 
  custom:video-decoder-ogg-theora: a1e56fd34408186e4bbccfd4996cb3dc -> 
  custom:container-muxer-webm: aa71ff27fc2769a1b78a27578f13a17b -> 
  custom:container-demuxer-webm: 4f35f7cbe854078d1ac9338744f61a02 -> 
  custom:container-demuxer-ogg: 62fdf1f143b41e24485cea50d1cbac27 -> 
  custom:video-encoder-webm-vp8: eb34c28f22e8b96e1ab97ce403110664 -> 
  custom:video-codec-MediaFoundation-h265: 746d11721c4dcdbdad8f713fa42b33f4 -> 
  custom:video-decoder-webm-vp8: 9c59270c3fd7afecdb556c50c9e8de78 -> 
  custom:audio-decoder-ogg-vorbis: bf7c407c2cedff20999df2af8eb42d56 -> 
  custom:audio-encoder-webm-vorbis: bf7c407c2cedff20999df2af8eb42d56 -> 
========================================================================
Received Import Request.
  Time since last request: 33.489326 seconds.
  path: Assets/Prefab/Bome.prefab
  artifactKey: Guid(50cc0ecf965bf6a448275ad0919e66d7) Importer(815301076,1909f56bfc062723c751e8b465ee728b)
Start importing Assets/Prefab/Bome.prefab using Guid(50cc0ecf965bf6a448275ad0919e66d7) Importer(815301076,1909f56bfc062723c751e8b465ee728b)  -> (artifact id: 'fd8c64fab970540768a7676a34eccc21') in 0.034129 seconds 
========================================================================
Received Import Request.
  Time since last request: 5.305962 seconds.
  path: Assets/Prefab/Bome.prefab
  artifactKey: Guid(50cc0ecf965bf6a448275ad0919e66d7) Importer(815301076,1909f56bfc062723c751e8b465ee728b)
Start importing Assets/Prefab/Bome.prefab using Guid(50cc0ecf965bf6a448275ad0919e66d7) Importer(815301076,1909f56bfc062723c751e8b465ee728b)  -> (artifact id: '8697f651acea31f427a2919d7814e183') in 0.004150 seconds 
========================================================================
Received Import Request.
  Time since last request: 4.109236 seconds.
  path: Assets/Prefab/Bome.prefab
  artifactKey: Guid(50cc0ecf965bf6a448275ad0919e66d7) Importer(815301076,1909f56bfc062723c751e8b465ee728b)
Start importing Assets/Prefab/Bome.prefab using Guid(50cc0ecf965bf6a448275ad0919e66d7) Importer(815301076,1909f56bfc062723c751e8b465ee728b)  -> (artifact id: 'a4db4ff2b59a557cc02e183de6f434d3') in 0.004661 seconds 
========================================================================
Received Import Request.
  Time since last request: 3.902863 seconds.
  path: Assets/Prefab/Bome.prefab
  artifactKey: Guid(50cc0ecf965bf6a448275ad0919e66d7) Importer(815301076,1909f56bfc062723c751e8b465ee728b)
Start importing Assets/Prefab/Bome.prefab using Guid(50cc0ecf965bf6a448275ad0919e66d7) Importer(815301076,1909f56bfc062723c751e8b465ee728b)  -> (artifact id: '82cfa0649815b5daac013ef912ff0fea') in 0.004607 seconds 
========================================================================
Received Import Request.
  Time since last request: 29.768973 seconds.
  path: Assets/Prefab/Disco.prefab
  artifactKey: Guid(2ccc764be75d68045b0a5c0e456cabb5) Importer(815301076,1909f56bfc062723c751e8b465ee728b)
Start importing Assets/Prefab/Disco.prefab using Guid(2ccc764be75d68045b0a5c0e456cabb5) Importer(815301076,1909f56bfc062723c751e8b465ee728b)  -> (artifact id: '3c445af2fc237458645d0abe1dd1ba46') in 0.010387 seconds 
========================================================================
Received Import Request.
  Time since last request: 7.434541 seconds.
  path: Assets/Prefab/Disco.prefab
  artifactKey: Guid(2ccc764be75d68045b0a5c0e456cabb5) Importer(815301076,1909f56bfc062723c751e8b465ee728b)
Start importing Assets/Prefab/Disco.prefab using Guid(2ccc764be75d68045b0a5c0e456cabb5) Importer(815301076,1909f56bfc062723c751e8b465ee728b)  -> (artifact id: '675562265a155c597cb519575696facc') in 0.005221 seconds 
========================================================================
Received Import Request.
  Time since last request: 5.072187 seconds.
  path: Assets/Prefab/Disco.prefab
  artifactKey: Guid(2ccc764be75d68045b0a5c0e456cabb5) Importer(815301076,1909f56bfc062723c751e8b465ee728b)
Start importing Assets/Prefab/Disco.prefab using Guid(2ccc764be75d68045b0a5c0e456cabb5) Importer(815301076,1909f56bfc062723c751e8b465ee728b)  -> (artifact id: 'f39d0f8351f024e5f3c1ab02ccdf040c') in 0.004775 seconds 
========================================================================
Received Import Request.
  Time since last request: 10.842682 seconds.
  path: Assets/Prefab/Disco.prefab
  artifactKey: Guid(2ccc764be75d68045b0a5c0e456cabb5) Importer(815301076,1909f56bfc062723c751e8b465ee728b)
Start importing Assets/Prefab/Disco.prefab using Guid(2ccc764be75d68045b0a5c0e456cabb5) Importer(815301076,1909f56bfc062723c751e8b465ee728b)  -> (artifact id: '4b1de711282126890bea287b6d1ea58a') in 0.003978 seconds 
========================================================================
Received Import Request.
  Time since last request: 4.126665 seconds.
  path: Assets/Prefab/Disco.prefab
  artifactKey: Guid(2ccc764be75d68045b0a5c0e456cabb5) Importer(815301076,1909f56bfc062723c751e8b465ee728b)
Start importing Assets/Prefab/Disco.prefab using Guid(2ccc764be75d68045b0a5c0e456cabb5) Importer(815301076,1909f56bfc062723c751e8b465ee728b)  -> (artifact id: '9d243e365b5f2ab5f87126fd7b523e6c') in 0.004571 seconds 
========================================================================
Received Import Request.
  Time since last request: 7.550423 seconds.
  path: Assets/Prefab/Circle.prefab
  artifactKey: Guid(9d860068aadd46b43bcb423ac33c797a) Importer(815301076,1909f56bfc062723c751e8b465ee728b)
Start importing Assets/Prefab/Circle.prefab using Guid(9d860068aadd46b43bcb423ac33c797a) Importer(815301076,1909f56bfc062723c751e8b465ee728b)  -> (artifact id: '52ca4d5c8228261ee4ef29c78f5e032d') in 0.043493 seconds 
========================================================================
Received Import Request.
  Time since last request: 31.947547 seconds.
  path: Assets/Prefab/Circle.prefab
  artifactKey: Guid(9d860068aadd46b43bcb423ac33c797a) Importer(815301076,1909f56bfc062723c751e8b465ee728b)
Start importing Assets/Prefab/Circle.prefab using Guid(9d860068aadd46b43bcb423ac33c797a) Importer(815301076,1909f56bfc062723c751e8b465ee728b)  -> (artifact id: '2ff74d65657ce11e5da5b2c945fecabb') in 0.008524 seconds 
========================================================================
Received Import Request.
  Time since last request: 4.078914 seconds.
  path: Assets/Prefab/Circle.prefab
  artifactKey: Guid(9d860068aadd46b43bcb423ac33c797a) Importer(815301076,1909f56bfc062723c751e8b465ee728b)
Start importing Assets/Prefab/Circle.prefab using Guid(9d860068aadd46b43bcb423ac33c797a) Importer(815301076,1909f56bfc062723c751e8b465ee728b)  -> (artifact id: 'ddab5ee4fa72ff84642afe7188049fd3') in 0.010424 seconds 
========================================================================
Received Import Request.
  Time since last request: 3.072986 seconds.
  path: Assets/Prefab/Circle.prefab
  artifactKey: Guid(9d860068aadd46b43bcb423ac33c797a) Importer(815301076,1909f56bfc062723c751e8b465ee728b)
Start importing Assets/Prefab/Circle.prefab using Guid(9d860068aadd46b43bcb423ac33c797a) Importer(815301076,1909f56bfc062723c751e8b465ee728b)  -> (artifact id: '1990ca60aa96303e345b26d29afa44b8') in 0.008654 seconds 
========================================================================
Received Import Request.
  Time since last request: 8.371607 seconds.
  path: Assets/Prefab/Circle.prefab
  artifactKey: Guid(9d860068aadd46b43bcb423ac33c797a) Importer(815301076,1909f56bfc062723c751e8b465ee728b)
Start importing Assets/Prefab/Circle.prefab using Guid(9d860068aadd46b43bcb423ac33c797a) Importer(815301076,1909f56bfc062723c751e8b465ee728b)  -> (artifact id: 'b3bda45428fb521b2a9611bc357e21f0') in 0.012746 seconds 
========================================================================
Received Import Request.
  Time since last request: 3.717918 seconds.
  path: Assets/Prefab/Circle.prefab
  artifactKey: Guid(9d860068aadd46b43bcb423ac33c797a) Importer(815301076,1909f56bfc062723c751e8b465ee728b)
Start importing Assets/Prefab/Circle.prefab using Guid(9d860068aadd46b43bcb423ac33c797a) Importer(815301076,1909f56bfc062723c751e8b465ee728b)  -> (artifact id: 'd04c8f0738a96e4e73d4c3eeb6712c78') in 0.008346 seconds 
========================================================================
Received Prepare
Registering precompiled user dll's ...
Registered in 0.005347 seconds.
Begin MonoManager ReloadAssembly
Symbol file LoadedFromMemory doesn't match image C:\Users\แมวม่าว\Documents\My Games\โฟลเดอร์ใหม่\ToolBlast\My project\Library\PackageCache\com.unity.visualscripting@1.6.1\Editor\VisualScripting.Core\Dependencies\YamlDotNet\Unity.VisualScripting.YamlDotNet.dll
Symbol file LoadedFromMemory doesn't match image C:\Users\แมวม่าว\Documents\My Games\โฟลเดอร์ใหม่\ToolBlast\My project\Library\PackageCache\com.unity.visualscripting@1.6.1\Editor\VisualScripting.Core\Dependencies\DotNetZip\Unity.VisualScripting.IonicZip.dll
Native extension for WindowsStandalone target not found
Refreshing native plugins compatible for Editor in 0.79 ms, found 4 plugins.
Preloading 0 native plugins for Editor in 0.00 ms.
Mono: successfully reloaded assembly
- Completed reload, in  0.922 seconds
Domain Reload Profiling:
	ReloadAssembly (923ms)
		BeginReloadAssembly (116ms)
			ExecutionOrderSort (0ms)
			DisableScriptedObjects (6ms)
			BackupInstance (0ms)
			ReleaseScriptingObjects (0ms)
			CreateAndSetChildDomain (42ms)
		EndReloadAssembly (754ms)
			LoadAssemblies (86ms)
			RebuildTransferFunctionScriptingTraits (0ms)
			SetupTypeCache (298ms)
			ReleaseScriptCaches (1ms)
			RebuildScriptCaches (37ms)
			SetupLoadedEditorAssemblies (259ms)
				LogAssemblyErrors (0ms)
				InitializePlatformSupportModulesInManaged (4ms)
				SetLoadedEditorAssemblies (0ms)
				RefreshPlugins (1ms)
				BeforeProcessingInitializeOnLoad (62ms)
				ProcessInitializeOnLoadAttributes (177ms)
				ProcessInitializeOnLoadMethodAttributes (11ms)
				AfterProcessingInitializeOnLoad (4ms)
				EditorAssembliesLoaded (0ms)
			ExecutionOrderSort2 (0ms)
			AwakeInstancesAfterBackupRestoration (11ms)
Platform modules already initialized, skipping
Refreshing native plugins compatible for Editor in 0.86 ms, found 4 plugins.
Preloading 0 native plugins for Editor in 0.00 ms.
Unloading 3768 Unused Serialized files (Serialized files now loaded: 0)
System memory in use before: 146.1 MB.
System memory in use after: 146.3 MB.

Unloading 23 unused Assets to reduce memory usage. Loaded Objects now: 4276.
Total: 3.629300 ms (FindLiveObjects: 0.237700 ms CreateObjectMapping: 0.091500 ms MarkObjects: 3.225900 ms  DeleteObjects: 0.073000 ms)

AssetImportParameters requested are different than current active one (requested -> active):
  custom:framework-win-MediaFoundation: 216162199b28c13a410421893ffa2e32 -> 
  custom:video-decoder-ogg-theora: a1e56fd34408186e4bbccfd4996cb3dc -> 
  custom:container-muxer-webm: aa71ff27fc2769a1b78a27578f13a17b -> 
  custom:container-demuxer-webm: 4f35f7cbe854078d1ac9338744f61a02 -> 
  custom:container-demuxer-ogg: 62fdf1f143b41e24485cea50d1cbac27 -> 
  custom:video-encoder-webm-vp8: eb34c28f22e8b96e1ab97ce403110664 -> 
  custom:video-codec-MediaFoundation-h265: 746d11721c4dcdbdad8f713fa42b33f4 -> 
  custom:video-decoder-webm-vp8: 9c59270c3fd7afecdb556c50c9e8de78 -> 
  custom:audio-decoder-ogg-vorbis: bf7c407c2cedff20999df2af8eb42d56 -> 
  custom:audio-encoder-webm-vorbis: bf7c407c2cedff20999df2af8eb42d56 -> 
AssetImportWorkerClient::OnTransportError - code=2 error=End of file
